Compiling OpenMP program
Starting OpenMP job on node: sala6.salafis.net
Number of requested CPUs per task: 16
Ejecutando con 1 threads...
Ejecutando con 2 threads...
Ejecutando con 3 threads...
Ejecutando con 4 threads...
Ejecutando con 5 threads...
Ejecutando con 6 threads...
Ejecutando con 7 threads...
Ejecutando con 8 threads...
Ejecutando con 9 threads...
Ejecutando con 10 threads...
Ejecutando con 11 threads...
Ejecutando con 12 threads...
Ejecutando con 13 threads...
Ejecutando con 14 threads...
Ejecutando con 15 threads...
Ejecutando con 16 threads...
Ejecutando con 17 threads...
OpenMP job finished.
Resultados guardados en parallel_results_slurm.txt
Generating graphs from output data
